<!DOCTYPE html PUBLIC "-//W3C//DTD XHTML 1.1//EN" "http://www.w3.org/TR/xhtml11/DTD/xhtml11.dtd">
<html xmlns="http://www.w3.org/1999/xhtml">
<head>
<meta http-equiv="content-type" content="text/html; charset=UTF-8"/>
<title>TestNG Report</title>
<style type="text/css">table {margin-bottom:10px;border-collapse:collapse;empty-cells:show}th,td {border:1px solid #009;padding:.25em .5em}th {vertical-align:bottom}td {vertical-align:top}table a {font-weight:bold}.stripe td {background-color: #E6EBF9}.num {text-align:right}.passedodd td {background-color: #3F3}.passedeven td {background-color: #0A0}.skippedodd td {background-color: #DDD}.skippedeven td {background-color: #CCC}.failedodd td,.attn {background-color: #F33}.failedeven td,.stripe .attn {background-color: #D00}.stacktrace {white-space:pre;font-family:monospace}.totop {font-size:85%;text-align:center;border-bottom:2px solid #000}.invisible {display:none}</style>
</head>
<body>
<table>
<tr><th>Test</th><th># Passed</th><th># Skipped</th><th># Failed</th><th>Time (ms)</th><th>Included Groups</th><th>Excluded Groups</th></tr>
<tr><th colspan="7">Suite</th></tr>
<tr><td><a href="#t0">ChromeTest</a></td><td class="num">4</td><td class="num">0</td><td class="num">0</td><td class="num">185,977</td><td></td><td></td></tr>
<tr class="stripe"><td><a href="#t1">EdgeTest</a></td><td class="num">0</td><td class="num">0</td><td class="num attn">4</td><td class="num">3,822</td><td></td><td></td></tr>
<tr><th>Total</th><th class="num">4</th><th class="num">0</th><th class="num attn">4</th><th class="num">189,799</th><th colspan="2"></th></tr>
</table>
<table id='summary'><thead><tr><th>Class</th><th>Method</th><th>Start</th><th>Time (ms)</th></tr></thead><tbody><tr><th colspan="4">Suite</th></tr></tbody><tbody id="t0"><tr><th colspan="4">ChromeTest &#8212; passed</th></tr><tr class="passedeven"><td rowspan="4">testcases.RegressionTest</td><td><a href="#m0">googleSignIn</a></td><td rowspan="1">1621396618963</td><td rowspan="1">38133</td></tr><tr class="passedeven"><td><a href="#m1">launchURL</a></td><td rowspan="1">1621396473066</td><td rowspan="1">55627</td></tr><tr class="passedeven"><td><a href="#m2">upBikes</a></td><td rowspan="1">1621396528702</td><td rowspan="1">48917</td></tr><tr class="passedeven"><td><a href="#m3">usedCars</a></td><td rowspan="1">1621396577622</td><td rowspan="1">41338</td></tr></tbody>
<tbody id="t1"><tr><th colspan="4">EdgeTest &#8212; failed</th></tr><tr class="failedeven"><td rowspan="4">testcases.RegressionTest</td><td><a href="#m4">googleSignIn</a></td><td rowspan="1">1621396662873</td><td rowspan="1">2</td></tr><tr class="failedeven"><td><a href="#m5">launchURL</a></td><td rowspan="1">1621396659076</td><td rowspan="1">3758</td></tr><tr class="failedeven"><td><a href="#m6">upBikes</a></td><td rowspan="1">1621396662844</td><td rowspan="1">2</td></tr><tr class="failedeven"><td><a href="#m7">usedCars</a></td><td rowspan="1">1621396662849</td><td rowspan="1">4</td></tr></tbody>
</table>
<h2>ChromeTest</h2><h3 id="m0">testcases.RegressionTest#googleSignIn</h3><table class="result"><tr><th class="invisible"/></tr></table><p class="totop"><a href="#summary">back to summary</a></p>
<h3 id="m1">testcases.RegressionTest#launchURL</h3><table class="result"><tr class="param"><th>Parameter #1</th></tr><tr class="param stripe"><td>chrome</td></tr></table><p class="totop"><a href="#summary">back to summary</a></p>
<h3 id="m2">testcases.RegressionTest#upBikes</h3><table class="result"><tr><th class="invisible"/></tr></table><p class="totop"><a href="#summary">back to summary</a></p>
<h3 id="m3">testcases.RegressionTest#usedCars</h3><table class="result"><tr><th class="invisible"/></tr></table><p class="totop"><a href="#summary">back to summary</a></p>
<h2>EdgeTest</h2><h3 id="m4">testcases.RegressionTest#googleSignIn</h3><table class="result"><tr><th>Exception</th></tr><tr><td><div class="stacktrace">org.openqa.selenium.NoSuchSessionException: Session ID is null. Using WebDriver after calling quit()?
Build info: version: &apos;3.141.59&apos;, revision: &apos;e82be7d358&apos;, time: &apos;2018-11-14T08:17:03&apos;
System info: host: &apos;PIYUSH&apos;, ip: &apos;192.168.43.40&apos;, os.name: &apos;Windows 7&apos;, os.arch: &apos;amd64&apos;, os.version: &apos;6.1&apos;, java.version: &apos;14.0.2&apos;
Driver info: driver.version: RemoteWebDriver
	at org.openqa.selenium.remote.HttpCommandExecutor.execute(HttpCommandExecutor.java:125)
	at org.openqa.selenium.remote.service.DriverCommandExecutor.execute(DriverCommandExecutor.java:83)
	at org.openqa.selenium.remote.RemoteWebDriver.execute(RemoteWebDriver.java:552)
	at org.openqa.selenium.remote.RemoteWebDriver.execute(RemoteWebDriver.java:609)
	at org.openqa.selenium.remote.RemoteWebDriver.getWindowHandle(RemoteWebDriver.java:472)
	at PageClasses.TC_HomePage.signUp(TC_HomePage.java:70)
	at testcases.RegressionTest.googleSignIn(RegressionTest.java:59)
... Removed 25 stack frames</div></td></tr></table><p class="totop"><a href="#summary">back to summary</a></p>
<h3 id="m5">testcases.RegressionTest#launchURL</h3><table class="result"><tr class="param"><th>Parameter #1</th></tr><tr class="param stripe"><td>MicrosoftEdge</td></tr><tr><th>Exception</th></tr><tr><td><div class="stacktrace">org.openqa.selenium.NoSuchSessionException: Session ID is null. Using WebDriver after calling quit()?
Build info: version: &apos;3.141.59&apos;, revision: &apos;e82be7d358&apos;, time: &apos;2018-11-14T08:17:03&apos;
System info: host: &apos;PIYUSH&apos;, ip: &apos;192.168.43.40&apos;, os.name: &apos;Windows 7&apos;, os.arch: &apos;amd64&apos;, os.version: &apos;6.1&apos;, java.version: &apos;14.0.2&apos;
Driver info: driver.version: RemoteWebDriver
	at org.openqa.selenium.remote.HttpCommandExecutor.execute(HttpCommandExecutor.java:125)
	at org.openqa.selenium.remote.service.DriverCommandExecutor.execute(DriverCommandExecutor.java:83)
	at org.openqa.selenium.remote.RemoteWebDriver.execute(RemoteWebDriver.java:552)
	at org.openqa.selenium.remote.RemoteWebDriver.execute(RemoteWebDriver.java:609)
	at org.openqa.selenium.remote.RemoteWebDriver.getScreenshotAs(RemoteWebDriver.java:295)
	at base.Test_base.takeScreenShotOnFailure(Test_base.java:340)
	at base.Test_base.reportFail(Test_base.java:321)
	at base.Test_base.invokeBrowser(Test_base.java:125)
	at testcases.RegressionTest.launchURL(RegressionTest.java:22)
... Removed 25 stack frames</div></td></tr></table><p class="totop"><a href="#summary">back to summary</a></p>
<h3 id="m6">testcases.RegressionTest#upBikes</h3><table class="result"><tr><th>Exception</th></tr><tr><td><div class="stacktrace">org.openqa.selenium.NoSuchSessionException: Session ID is null. Using WebDriver after calling quit()?
Build info: version: &apos;3.141.59&apos;, revision: &apos;e82be7d358&apos;, time: &apos;2018-11-14T08:17:03&apos;
System info: host: &apos;PIYUSH&apos;, ip: &apos;192.168.43.40&apos;, os.name: &apos;Windows 7&apos;, os.arch: &apos;amd64&apos;, os.version: &apos;6.1&apos;, java.version: &apos;14.0.2&apos;
Driver info: driver.version: RemoteWebDriver
	at org.openqa.selenium.remote.HttpCommandExecutor.execute(HttpCommandExecutor.java:125)
	at org.openqa.selenium.remote.service.DriverCommandExecutor.execute(DriverCommandExecutor.java:83)
	at org.openqa.selenium.remote.RemoteWebDriver.execute(RemoteWebDriver.java:552)
	at org.openqa.selenium.remote.RemoteWebDriver.execute(RemoteWebDriver.java:609)
	at org.openqa.selenium.remote.RemoteWebDriver.getScreenshotAs(RemoteWebDriver.java:295)
	at base.Test_base.takeScreenShotOnFailure(Test_base.java:340)
	at base.Test_base.reportFail(Test_base.java:321)
	at base.Test_base.getElement(Test_base.java:235)
	at PageClasses.TC_HomePage.newUpcomingBikes(TC_HomePage.java:32)
	at testcases.RegressionTest.upBikes(RegressionTest.java:34)
... Removed 25 stack frames</div></td></tr></table><p class="totop"><a href="#summary">back to summary</a></p>
<h3 id="m7">testcases.RegressionTest#usedCars</h3><table class="result"><tr><th>Exception</th></tr><tr><td><div class="stacktrace">org.openqa.selenium.NoSuchSessionException: Session ID is null. Using WebDriver after calling quit()?
Build info: version: &apos;3.141.59&apos;, revision: &apos;e82be7d358&apos;, time: &apos;2018-11-14T08:17:03&apos;
System info: host: &apos;PIYUSH&apos;, ip: &apos;192.168.43.40&apos;, os.name: &apos;Windows 7&apos;, os.arch: &apos;amd64&apos;, os.version: &apos;6.1&apos;, java.version: &apos;14.0.2&apos;
Driver info: driver.version: RemoteWebDriver
	at org.openqa.selenium.remote.HttpCommandExecutor.execute(HttpCommandExecutor.java:125)
	at org.openqa.selenium.remote.service.DriverCommandExecutor.execute(DriverCommandExecutor.java:83)
	at org.openqa.selenium.remote.RemoteWebDriver.execute(RemoteWebDriver.java:552)
	at org.openqa.selenium.remote.RemoteWebDriver.execute(RemoteWebDriver.java:609)
	at org.openqa.selenium.remote.RemoteWebDriver.getScreenshotAs(RemoteWebDriver.java:295)
	at base.Test_base.takeScreenShotOnFailure(Test_base.java:340)
	at base.Test_base.reportFail(Test_base.java:321)
	at base.Test_base.getElement(Test_base.java:235)
	at PageClasses.TC_HomePage.usedCarsChn(TC_HomePage.java:50)
	at testcases.RegressionTest.usedCars(RegressionTest.java:48)
... Removed 25 stack frames</div></td></tr></table><p class="totop"><a href="#summary">back to summary</a></p>
</body>
</html>
